<?xml version="1.0" encoding="UTF-8"?>
<!-- Generated by org.testng.reporters.JUnitXMLReporter -->
<testsuite ignored="4" hostname="SangeethaPrabakaran" failures="0" tests="3" name="Test" time="6.649" errors="0" timestamp="2022-05-27T23:14:38 IST">
  <testcase classname="org.testng.GroupingExample" name="tc2" time="2.977"/>
  <testcase classname="org.testng.GroupingExample" name="tc2" time="1.658"/>
  <testcase classname="org.testng.GroupingExample" name="tc2" time="1.971"/>
  <testcase classname="org.testng.GroupingExample" name="tc3" time="0.0">
    <ignored/>
  </testcase> <!-- tc3 -->
  <testcase classname="org.testng.GroupingExample" name="tc1" time="0.0">
    <ignored/>
  </testcase> <!-- tc1 -->
  <testcase classname="org.testng.GroupingExample" name="tc4" time="0.0">
    <ignored/>
  </testcase> <!-- tc4 -->
  <testcase classname="org.testng.GroupingExample" name="tc5" time="0.0">
    <ignored/>
  </testcase> <!-- tc5 -->
</testsuite> <!-- Test -->
